<?xml version="1.0" encoding="UTF-8"?>
<!-- Generated by org.testng.reporters.JUnitXMLReporter -->
<testsuite hostname="LAPTOP-4DPE75CE" name="Test" tests="4" failures="0" timestamp="14 Jun 2023 13:30:14 GMT" time="84.754" errors="0">
  <testcase name="testFour" time="6.609" classname="tests.Four"/>
  <testcase name="testOne" time="9.481" classname="tests.One"/>
  <testcase name="testOneGoogle" time="4.124" classname="tests.One"/>
  <testcase name="testOneYoutube" time="12.26" classname="tests.One"/>
</testsuite> <!-- Test -->
